{
  "RSpec": {
    "coverage": {
      "/Users/diogofrazao/marleyspoon/curly-fries/spec/models/ketchup_spec.rb": [
        1,
        null,
        1,
        1,
        1,
        1,
        null,
        null
      ],
      "/Users/diogofrazao/marleyspoon/curly-fries/spec/rails_helper.rb": [
        null,
        1,
        1,
        1,
        null,
        1,
        1,
        null,
        null,
        null,
        null,
        null,
        null,
        null,
        null,
        null,
        null,
        null,
        null,
        null,
        null,
        null,
        null,
        null,
        null,
        null,
        1,
        null,
        1,
        null,
        1,
        null,
        null,
        null,
        null,
        1,
        null,
        null,
        null,
        null,
        null,
        null,
        null,
        null,
        null,
        null,
        null,
        null,
        null,
        null,
        1,
        null,
        null,
        1,
        null,
        null,
        null
      ],
      "/Users/diogofrazao/marleyspoon/curly-fries/config/environment.rb": [
        null,
        1,
        null,
        null,
        1
      ],
      "/Users/diogofrazao/marleyspoon/curly-fries/config/application.rb": [
        1,
        null,
        1,
        null,
        null,
        null,
        1,
        null,
        1,
        1,
        null,
        null,
        null,
        null,
        null,
        null,
        null,
        null,
        null,
        null,
        null,
        null,
        null,
        1,
        null,
        null
      ],
      "/Users/diogofrazao/marleyspoon/curly-fries/config/boot.rb": [
        1,
        null,
        1
      ],
      "/Users/diogofrazao/marleyspoon/curly-fries/config/environments/test.rb": [
        1,
        null,
        null,
        null,
        null,
        null,
        null,
        1,
        null,
        null,
        null,
        null,
        1,
        null,
        null,
        1,
        1,
        null,
        null,
        1,
        1,
        null,
        null,
        1,
        null,
        null,
        1,
        null,
        null,
        null,
        null,
        1,
        null,
        null,
        1,
        null,
        null,
        1,
        null,
        null,
        null,
        null
      ],
      "/Users/diogofrazao/marleyspoon/curly-fries/config/initializers/assets.rb": [
        null,
        null,
        null,
        1,
        null,
        null,
        null,
        null,
        null,
        null,
        null
      ],
      "/Users/diogofrazao/marleyspoon/curly-fries/config/initializers/backtrace_silencers.rb": [
        null,
        null,
        null,
        null,
        null,
        null,
        null
      ],
      "/Users/diogofrazao/marleyspoon/curly-fries/config/initializers/cookies_serializer.rb": [
        null,
        null,
        1
      ],
      "/Users/diogofrazao/marleyspoon/curly-fries/config/initializers/filter_parameter_logging.rb": [
        null,
        null,
        null,
        1
      ],
      "/Users/diogofrazao/marleyspoon/curly-fries/config/initializers/inflections.rb": [
        null,
        null,
        null,
        null,
        null,
        null,
        null,
        null,
        null,
        null,
        null,
        null,
        null,
        null,
        null,
        null
      ],
      "/Users/diogofrazao/marleyspoon/curly-fries/config/initializers/mime_types.rb": [
        null,
        null,
        null,
        null
      ],
      "/Users/diogofrazao/marleyspoon/curly-fries/config/initializers/session_store.rb": [
        null,
        null,
        1
      ],
      "/Users/diogofrazao/marleyspoon/curly-fries/config/initializers/to_time_preserves_timezone.rb": [
        null,
        null,
        null,
        null,
        null,
        null,
        null,
        null,
        null,
        1
      ],
      "/Users/diogofrazao/marleyspoon/curly-fries/config/initializers/wrap_parameters.rb": [
        null,
        null,
        null,
        null,
        null,
        null,
        1,
        1,
        null,
        null,
        null,
        null,
        null,
        null
      ],
      "/Users/diogofrazao/marleyspoon/curly-fries/config/routes.rb": [
        1,
        1,
        1,
        null,
        null,
        null,
        null,
        null,
        null,
        null,
        null,
        null,
        null,
        null,
        null,
        null,
        null,
        null,
        null,
        null,
        null,
        null,
        null,
        null,
        null,
        null,
        null,
        null,
        null,
        null,
        null,
        null,
        null,
        null,
        null,
        null,
        null,
        null,
        null,
        null,
        null,
        null,
        null,
        null,
        null,
        null,
        null,
        null,
        null,
        null,
        null,
        null,
        null,
        null,
        null,
        null,
        null,
        null,
        null
      ],
      "/Users/diogofrazao/marleyspoon/curly-fries/app/helpers/application_helper.rb": [
        1,
        null
      ],
      "/Users/diogofrazao/marleyspoon/curly-fries/app/helpers/welcome_helper.rb": [
        1,
        null
      ],
      "/Users/diogofrazao/marleyspoon/curly-fries/app/models/ketchup.rb": [
        1,
        1,
        null,
        1,
        1,
        1,
        null,
        null,
        1,
        1,
        null,
        null,
        1,
        0,
        null,
        null
      ]
    },
    "timestamp": 1516196230
  }
}
